<?xml version="1.0" encoding="UTF-8"?>
<!-- Generated by org.testng.reporters.JUnitXMLReporter -->
<testsuite hostname="LAPTOP-LCH0946P" ignored="0" name="Run on chrome" tests="2" failures="0" timestamp="22 Aug 2020 17:46:16 GMT" time="9.579" errors="0">
  <testcase name="@BeforeClass beforeClass" time="8.766" classname="com.nopcommerce.endUser.Register_03_Data_Driven">
    <failure type="java.lang.NullPointerException">
      <![CDATA[java.lang.NullPointerException
at com.nopcommerce.endUser.Register_03_Data_Driven.beforeClass(Register_03_Data_Driven.java:25)
... Removed 26 stack frames]]>
    </failure>
  </testcase> <!-- @BeforeClass beforeClass -->
  <testcase name="Post_01_Register_To_System" time="0.0" classname="com.nopcommerce.endUser.Register_03_Data_Driven">
    <skipped/>
  </testcase> <!-- Post_01_Register_To_System -->
  <testcase name="Post_02_Verify_My_Account" time="0.0" classname="com.nopcommerce.endUser.Register_03_Data_Driven">
    <skipped/>
  </testcase> <!-- Post_02_Verify_My_Account -->
</testsuite> <!-- Run on chrome -->
