<?xml version="1.0" encoding="UTF-8"?>
<testng-results skipped="0" failed="0" ignored="0" total="3" passed="3">
  <reporter-output>
    <line>
      <![CDATA[2020-08-23 01:12:13,021 INFO  com.wordpress.post.Admin_01_Create_View_Edit_Delete - Pre-condition : Step 01 - Navigate to login page
]]>
    </line>
    <line>
      <![CDATA[2020-08-23 01:12:13,026 INFO  com.wordpress.post.Admin_01_Create_View_Edit_Delete - Login Page : Step 01 - Input to 'Email' textbox 
]]>
    </line>
    <line>
      <![CDATA[2020-08-23 01:12:13,222 INFO  com.wordpress.post.Admin_01_Create_View_Edit_Delete - Login Page : Step 02 - Click to 'Continue' button 
]]>
    </line>
    <line>
      <![CDATA[2020-08-23 01:12:13,321 INFO  com.wordpress.post.Admin_01_Create_View_Edit_Delete - Login Page : Step 03 - Input to 'Password' textbox 
]]>
    </line>
    <line>
      <![CDATA[2020-08-23 01:12:13,973 INFO  com.wordpress.post.Admin_01_Create_View_Edit_Delete - Login Page : Step 04 - Navigate to Dashboard page
]]>
    </line>
    <line>
      <![CDATA[2020-08-23 01:12:14,051 INFO  com.wordpress.post.Admin_01_Create_View_Edit_Delete - Dasboard Page : Step 01 - Verify header text displayed
]]>
    </line>
    <line>
      <![CDATA[2020-08-23 01:13:52,437 INFO  com.wordpress.post.Admin_01_Create_View_Edit_Delete - Post-condition : Close browser
]]>
    </line>
    <line>
      <![CDATA[2020-08-23 01:13:52,437 INFO  com.wordpress.post.Admin_01_Create_View_Edit_Delete - OS name = windows 10
]]>
    </line>
    <line>
      <![CDATA[2020-08-23 01:13:53,201 INFO  com.wordpress.post.Admin_01_Create_View_Edit_Delete - ---------- QUIT BROWSER SUCCESS ----------
]]>
    </line>
  </reporter-output>
  <suite name="Wordpress" duration-ms="108950" started-at="2020-08-22T18:12:04Z" finished-at="2020-08-22T18:13:53Z">
    <groups>
    </groups>
    <test name="Run on Chrome" duration-ms="108950" started-at="2020-08-22T18:12:04Z" finished-at="2020-08-22T18:13:53Z">
      <class name="com.wordpress.post.Admin_01_Create_View_Edit_Delete">
        <test-method status="PASS" signature="beforeClass(java.lang.String)[pri:0, instance:com.wordpress.post.Admin_01_Create_View_Edit_Delete@79924b]" name="beforeClass" is-config="true" duration-ms="12470" started-at="2020-08-22T18:12:04Z" finished-at="2020-08-22T18:12:16Z">
          <params>
            <param index="0">
              <value>
                <![CDATA[chrome]]>
              </value>
            </param>
          </params>
          <reporter-output>
            <line>
              <![CDATA[2020-08-23 01:12:13,021 INFO  com.wordpress.post.Admin_01_Create_View_Edit_Delete - Pre-condition : Step 01 - Navigate to login page
]]>
            </line>
            <line>
              <![CDATA[2020-08-23 01:12:13,026 INFO  com.wordpress.post.Admin_01_Create_View_Edit_Delete - Login Page : Step 01 - Input to 'Email' textbox 
]]>
            </line>
            <line>
              <![CDATA[2020-08-23 01:12:13,222 INFO  com.wordpress.post.Admin_01_Create_View_Edit_Delete - Login Page : Step 02 - Click to 'Continue' button 
]]>
            </line>
            <line>
              <![CDATA[2020-08-23 01:12:13,321 INFO  com.wordpress.post.Admin_01_Create_View_Edit_Delete - Login Page : Step 03 - Input to 'Password' textbox 
]]>
            </line>
            <line>
              <![CDATA[2020-08-23 01:12:13,973 INFO  com.wordpress.post.Admin_01_Create_View_Edit_Delete - Login Page : Step 04 - Navigate to Dashboard page
]]>
            </line>
            <line>
              <![CDATA[2020-08-23 01:12:14,051 INFO  com.wordpress.post.Admin_01_Create_View_Edit_Delete - Dasboard Page : Step 01 - Verify header text displayed
]]>
            </line>
          </reporter-output>
        </test-method> <!-- beforeClass -->
        <test-method status="PASS" signature="Post_01_Create_New_Post_At_Admin_Page()[pri:0, instance:com.wordpress.post.Admin_01_Create_View_Edit_Delete@79924b]" name="Post_01_Create_New_Post_At_Admin_Page" duration-ms="25341" started-at="2020-08-22T18:12:16Z" finished-at="2020-08-22T18:12:42Z">
          <reporter-output>
          </reporter-output>
        </test-method> <!-- Post_01_Create_New_Post_At_Admin_Page -->
        <test-method status="PASS" signature="Post_02_Edit_Post_At_Admin_Page()[pri:0, instance:com.wordpress.post.Admin_01_Create_View_Edit_Delete@79924b]" name="Post_02_Edit_Post_At_Admin_Page" duration-ms="37910" started-at="2020-08-22T18:12:42Z" finished-at="2020-08-22T18:13:19Z">
          <reporter-output>
          </reporter-output>
        </test-method> <!-- Post_02_Edit_Post_At_Admin_Page -->
        <test-method status="PASS" signature="Post_03_Delete_Post_At_Admin_Page()[pri:0, instance:com.wordpress.post.Admin_01_Create_View_Edit_Delete@79924b]" name="Post_03_Delete_Post_At_Admin_Page" duration-ms="32451" started-at="2020-08-22T18:13:19Z" finished-at="2020-08-22T18:13:52Z">
          <reporter-output>
          </reporter-output>
        </test-method> <!-- Post_03_Delete_Post_At_Admin_Page -->
        <test-method status="PASS" signature="afterClass()[pri:0, instance:com.wordpress.post.Admin_01_Create_View_Edit_Delete@79924b]" name="afterClass" is-config="true" duration-ms="765" started-at="2020-08-22T18:13:52Z" finished-at="2020-08-22T18:13:53Z">
          <reporter-output>
            <line>
              <![CDATA[2020-08-23 01:13:52,437 INFO  com.wordpress.post.Admin_01_Create_View_Edit_Delete - Post-condition : Close browser
]]>
            </line>
            <line>
              <![CDATA[2020-08-23 01:13:52,437 INFO  com.wordpress.post.Admin_01_Create_View_Edit_Delete - OS name = windows 10
]]>
            </line>
            <line>
              <![CDATA[2020-08-23 01:13:53,201 INFO  com.wordpress.post.Admin_01_Create_View_Edit_Delete - ---------- QUIT BROWSER SUCCESS ----------
]]>
            </line>
          </reporter-output>
        </test-method> <!-- afterClass -->
      </class> <!-- com.wordpress.post.Admin_01_Create_View_Edit_Delete -->
    </test> <!-- Run on Chrome -->
  </suite> <!-- Wordpress -->
</testng-results>
