<?xml version="1.0" encoding="UTF-8"?>
<testng-results skipped="0" failed="0" ignored="0" total="3" passed="3">
  <reporter-output>
    <line>
      <![CDATA[2020-08-23 00:48:46,322 INFO  com.wordpress.post.Admin_01_Create_View_Edit_Delete - Pre-condition : Step 01 - Navigate to login page
]]>
    </line>
    <line>
      <![CDATA[2020-08-23 00:48:46,327 INFO  com.wordpress.post.Admin_01_Create_View_Edit_Delete - Login Page : Step 01 - Input to 'Email' textbox 
]]>
    </line>
    <line>
      <![CDATA[2020-08-23 00:48:46,553 INFO  com.wordpress.post.Admin_01_Create_View_Edit_Delete - Login Page : Step 02 - Click to 'Continue' button 
]]>
    </line>
    <line>
      <![CDATA[2020-08-23 00:48:46,658 INFO  com.wordpress.post.Admin_01_Create_View_Edit_Delete - Login Page : Step 03 - Input to 'Password' textbox 
]]>
    </line>
    <line>
      <![CDATA[2020-08-23 00:48:47,323 INFO  com.wordpress.post.Admin_01_Create_View_Edit_Delete - Login Page : Step 04 - Navigate to Dashboard page
]]>
    </line>
    <line>
      <![CDATA[2020-08-23 00:48:47,400 INFO  com.wordpress.post.Admin_01_Create_View_Edit_Delete - Dasboard Page : Step 01 - Verify header text displayed
]]>
    </line>
    <line>
      <![CDATA[2020-08-23 00:50:23,165 INFO  com.wordpress.post.Admin_01_Create_View_Edit_Delete - Post-condition : Close browser
]]>
    </line>
    <line>
      <![CDATA[2020-08-23 00:50:23,165 INFO  com.wordpress.post.Admin_01_Create_View_Edit_Delete - OS name = windows 10
]]>
    </line>
    <line>
      <![CDATA[2020-08-23 00:50:24,008 INFO  com.wordpress.post.Admin_01_Create_View_Edit_Delete - ---------- QUIT BROWSER SUCCESS ----------
]]>
    </line>
  </reporter-output>
  <suite name="Wordpress" duration-ms="106948" started-at="2020-08-22T17:48:37Z" finished-at="2020-08-22T17:50:24Z">
    <groups>
    </groups>
    <test name="Run on Chrome" duration-ms="106948" started-at="2020-08-22T17:48:37Z" finished-at="2020-08-22T17:50:24Z">
      <class name="com.wordpress.post.Admin_01_Create_View_Edit_Delete">
        <test-method status="PASS" signature="beforeClass(java.lang.String)[pri:0, instance:com.wordpress.post.Admin_01_Create_View_Edit_Delete@411f53a0]" name="beforeClass" is-config="true" duration-ms="13510" started-at="2020-08-22T17:48:37Z" finished-at="2020-08-22T17:48:50Z">
          <params>
            <param index="0">
              <value>
                <![CDATA[chrome]]>
              </value>
            </param>
          </params>
          <reporter-output>
            <line>
              <![CDATA[2020-08-23 00:48:46,322 INFO  com.wordpress.post.Admin_01_Create_View_Edit_Delete - Pre-condition : Step 01 - Navigate to login page
]]>
            </line>
            <line>
              <![CDATA[2020-08-23 00:48:46,327 INFO  com.wordpress.post.Admin_01_Create_View_Edit_Delete - Login Page : Step 01 - Input to 'Email' textbox 
]]>
            </line>
            <line>
              <![CDATA[2020-08-23 00:48:46,553 INFO  com.wordpress.post.Admin_01_Create_View_Edit_Delete - Login Page : Step 02 - Click to 'Continue' button 
]]>
            </line>
            <line>
              <![CDATA[2020-08-23 00:48:46,658 INFO  com.wordpress.post.Admin_01_Create_View_Edit_Delete - Login Page : Step 03 - Input to 'Password' textbox 
]]>
            </line>
            <line>
              <![CDATA[2020-08-23 00:48:47,323 INFO  com.wordpress.post.Admin_01_Create_View_Edit_Delete - Login Page : Step 04 - Navigate to Dashboard page
]]>
            </line>
            <line>
              <![CDATA[2020-08-23 00:48:47,400 INFO  com.wordpress.post.Admin_01_Create_View_Edit_Delete - Dasboard Page : Step 01 - Verify header text displayed
]]>
            </line>
          </reporter-output>
        </test-method> <!-- beforeClass -->
        <test-method status="PASS" signature="Post_01_Create_New_Post_At_Admin_Page()[pri:0, instance:com.wordpress.post.Admin_01_Create_View_Edit_Delete@411f53a0]" name="Post_01_Create_New_Post_At_Admin_Page" duration-ms="23405" started-at="2020-08-22T17:48:50Z" finished-at="2020-08-22T17:49:13Z">
          <reporter-output>
          </reporter-output>
        </test-method> <!-- Post_01_Create_New_Post_At_Admin_Page -->
        <test-method status="PASS" signature="Post_02_Edit_Post_At_Admin_Page()[pri:0, instance:com.wordpress.post.Admin_01_Create_View_Edit_Delete@411f53a0]" name="Post_02_Edit_Post_At_Admin_Page" duration-ms="37072" started-at="2020-08-22T17:49:13Z" finished-at="2020-08-22T17:49:51Z">
          <reporter-output>
          </reporter-output>
        </test-method> <!-- Post_02_Edit_Post_At_Admin_Page -->
        <test-method status="PASS" signature="Post_03_Delete_Post_At_Admin_Page()[pri:0, instance:com.wordpress.post.Admin_01_Create_View_Edit_Delete@411f53a0]" name="Post_03_Delete_Post_At_Admin_Page" duration-ms="32099" started-at="2020-08-22T17:49:51Z" finished-at="2020-08-22T17:50:23Z">
          <reporter-output>
          </reporter-output>
        </test-method> <!-- Post_03_Delete_Post_At_Admin_Page -->
        <test-method status="PASS" signature="afterClass()[pri:0, instance:com.wordpress.post.Admin_01_Create_View_Edit_Delete@411f53a0]" name="afterClass" is-config="true" duration-ms="844" started-at="2020-08-22T17:50:23Z" finished-at="2020-08-22T17:50:24Z">
          <reporter-output>
            <line>
              <![CDATA[2020-08-23 00:50:23,165 INFO  com.wordpress.post.Admin_01_Create_View_Edit_Delete - Post-condition : Close browser
]]>
            </line>
            <line>
              <![CDATA[2020-08-23 00:50:23,165 INFO  com.wordpress.post.Admin_01_Create_View_Edit_Delete - OS name = windows 10
]]>
            </line>
            <line>
              <![CDATA[2020-08-23 00:50:24,008 INFO  com.wordpress.post.Admin_01_Create_View_Edit_Delete - ---------- QUIT BROWSER SUCCESS ----------
]]>
            </line>
          </reporter-output>
        </test-method> <!-- afterClass -->
      </class> <!-- com.wordpress.post.Admin_01_Create_View_Edit_Delete -->
    </test> <!-- Run on Chrome -->
  </suite> <!-- Wordpress -->
</testng-results>
